0 info it worked if it ends with ok
1 verbose cli [ '/usr/local/bin/node', '/usr/local/bin/npm', 'run', 'reset' ]
2 info using npm@3.10.10
3 info using node@v6.10.3
4 verbose run-script [ 'prereset', 'reset', 'postreset' ]
5 info lifecycle drupal-agile@1.0.0~prereset: drupal-agile@1.0.0
6 silly lifecycle drupal-agile@1.0.0~prereset: no script for prereset, continuing
7 info lifecycle drupal-agile@1.0.0~reset: drupal-agile@1.0.0
8 verbose lifecycle drupal-agile@1.0.0~reset: unsafe-perm in lifecycle true
9 verbose lifecycle drupal-agile@1.0.0~reset: PATH: /usr/local/lib/node_modules/npm/bin/node-gyp-bin:/app/node_modules/.bin:/usr/local/sbin:/usr/local/bin:/usr/sbin:/usr/bin:/sbin:/bin
10 verbose lifecycle drupal-agile@1.0.0~reset: CWD: /app
11 silly lifecycle drupal-agile@1.0.0~reset: Args: [ '-c',
11 silly lifecycle   'npm run reset:base_theme && npm run reset:custom_theme' ]
12 silly lifecycle drupal-agile@1.0.0~reset: Returned: code: 1  signal: null
13 info lifecycle drupal-agile@1.0.0~reset: Failed to exec reset script
14 verbose stack Error: drupal-agile@1.0.0 reset: `npm run reset:base_theme && npm run reset:custom_theme`
14 verbose stack Exit status 1
14 verbose stack     at EventEmitter.<anonymous> (/usr/local/lib/node_modules/npm/lib/utils/lifecycle.js:255:16)
14 verbose stack     at emitTwo (events.js:106:13)
14 verbose stack     at EventEmitter.emit (events.js:191:7)
14 verbose stack     at ChildProcess.<anonymous> (/usr/local/lib/node_modules/npm/lib/utils/spawn.js:40:14)
14 verbose stack     at emitTwo (events.js:106:13)
14 verbose stack     at ChildProcess.emit (events.js:191:7)
14 verbose stack     at maybeClose (internal/child_process.js:886:16)
14 verbose stack     at Process.ChildProcess._handle.onexit (internal/child_process.js:226:5)
15 verbose pkgid drupal-agile@1.0.0
16 verbose cwd /app
17 error Linux 4.13.0-37-generic
18 error argv "/usr/local/bin/node" "/usr/local/bin/npm" "run" "reset"
19 error node v6.10.3
20 error npm  v3.10.10
21 error code ELIFECYCLE
22 error drupal-agile@1.0.0 reset: `npm run reset:base_theme && npm run reset:custom_theme`
22 error Exit status 1
23 error Failed at the drupal-agile@1.0.0 reset script 'npm run reset:base_theme && npm run reset:custom_theme'.
23 error Make sure you have the latest version of node.js and npm installed.
23 error If you do, this is most likely a problem with the drupal-agile package,
23 error not with npm itself.
23 error Tell the author that this fails on your system:
23 error     npm run reset:base_theme && npm run reset:custom_theme
23 error You can get information on how to open an issue for this project with:
23 error     npm bugs drupal-agile
23 error Or if that isn't available, you can get their info via:
23 error     npm owner ls drupal-agile
23 error There is likely additional logging output above.
24 verbose exit [ 1, true ]
